<?xml version="1.0" encoding="UTF-8"?>
<testsuite name="histogram.SimpleHistogramTest" tests="2" skipped="0" failures="0" errors="0" timestamp="2023-05-31T15:44:51" hostname="eh.local" time="0.038">
  <properties/>
  <testcase name="testHistogram()" classname="histogram.SimpleHistogramTest" time="0.034"/>
  <testcase name="testHistogrambyme()" classname="histogram.SimpleHistogramTest" time="0.002"/>
  <system-out><![CDATA[]]></system-out>
  <system-err><![CDATA[]]></system-err>
</testsuite>
